c:\users\grzegorz\dropbox\github\sem3proj\cp3_project\debug\vc120.pdb
c:\users\grzegorz\dropbox\github\sem3proj\cp3_project\debug\vc120.idb
c:\users\grzegorz\dropbox\github\sem3proj\cp3_project\debug\application.obj
c:\users\grzegorz\dropbox\github\sem3proj\cp3_project\debug\champion.obj
c:\users\grzegorz\dropbox\github\sem3proj\cp3_project\debug\enemiesfilter.obj
c:\users\grzegorz\dropbox\github\sem3proj\cp3_project\debug\ichampiondisplayer.obj
c:\users\grzegorz\dropbox\github\sem3proj\cp3_project\debug\iknightdisplayer.obj
c:\users\grzegorz\dropbox\github\sem3proj\cp3_project\debug\itimerparam.obj
c:\users\grzegorz\dropbox\github\sem3proj\cp3_project\debug\knight.obj
c:\users\grzegorz\dropbox\github\sem3proj\cp3_project\debug\singledatakeeper.obj
c:\users\grzegorz\dropbox\github\sem3proj\cp3_project\debug\main.obj
c:\users\grzegorz\dropbox\github\sem3proj\cp3_project\debug\timer.obj
c:\users\grzegorz\dropbox\github\sem3proj\cp3_project\debug\cp3_project.pdb
c:\users\grzegorz\dropbox\github\sem3proj\cp3_project\debug\cp3_project.tlog\cl.command.1.tlog
c:\users\grzegorz\dropbox\github\sem3proj\cp3_project\debug\cp3_project.tlog\cl.read.1.tlog
c:\users\grzegorz\dropbox\github\sem3proj\cp3_project\debug\cp3_project.tlog\cl.write.1.tlog
c:\users\grzegorz\dropbox\github\sem3proj\cp3_project\debug\cp3_project.tlog\link-cvtres.read.1.tlog
c:\users\grzegorz\dropbox\github\sem3proj\cp3_project\debug\cp3_project.tlog\link-cvtres.write.1.tlog
c:\users\grzegorz\dropbox\github\sem3proj\cp3_project\debug\cp3_project.tlog\link-rc.read.1.tlog
c:\users\grzegorz\dropbox\github\sem3proj\cp3_project\debug\cp3_project.tlog\link-rc.write.1.tlog
c:\users\grzegorz\dropbox\github\sem3proj\cp3_project\debug\cp3_project.tlog\link.command.1.tlog
c:\users\grzegorz\dropbox\github\sem3proj\cp3_project\debug\cp3_project.tlog\link.read.1.tlog
c:\users\grzegorz\dropbox\github\sem3proj\cp3_project\debug\cp3_project.tlog\link.write.1.tlog
